[05:44:34] [ServerMain/INFO]: Environment: authHost='https://authserver.mojang.com', accountsHost='https://api.mojang.com', sessionHost='https://sessionserver.mojang.com', servicesHost='https://api.minecraftservices.com', name='PROD'
[05:44:36] [ServerMain/INFO]: Loaded 7 recipes
[05:44:37] [ServerMain/INFO]: Loaded 1271 advancements
[05:44:37] [Server thread/INFO]: Starting minecraft server version 1.20.1
[05:44:37] [Server thread/INFO]: Loading properties
[05:44:37] [Server thread/INFO]: Default game type: SURVIVAL
[05:44:37] [Server thread/INFO]: Generating keypair
[05:44:38] [Server thread/INFO]: Starting Minecraft server on *:25565
[05:44:38] [Server thread/INFO]: Using epoll channel type
[05:44:38] [Server thread/INFO]: Preparing level "world"
[05:44:45] [Server thread/INFO]: Preparing start region for dimension minecraft:overworld
[05:44:50] [Worker-Main-1/INFO]: Preparing spawn area: 0%
[05:44:50] [Worker-Main-1/INFO]: Preparing spawn area: 0%
[05:44:50] [Worker-Main-1/INFO]: Preparing spawn area: 0%
[05:44:50] [Worker-Main-1/INFO]: Preparing spawn area: 0%
[05:44:50] [Worker-Main-1/INFO]: Preparing spawn area: 0%
[05:44:50] [Worker-Main-1/INFO]: Preparing spawn area: 0%
[05:44:50] [Worker-Main-1/INFO]: Preparing spawn area: 0%
[05:44:50] [Worker-Main-1/INFO]: Preparing spawn area: 0%
[05:44:50] [Worker-Main-1/INFO]: Preparing spawn area: 0%
[05:44:50] [Worker-Main-1/INFO]: Preparing spawn area: 0%
[05:44:50] [Worker-Main-1/INFO]: Preparing spawn area: 0%
[05:44:50] [Worker-Main-1/INFO]: Preparing spawn area: 0%
[05:44:51] [Worker-Main-1/INFO]: Preparing spawn area: 0%
[05:44:51] [Worker-Main-1/INFO]: Preparing spawn area: 0%
[05:44:52] [Worker-Main-1/INFO]: Preparing spawn area: 0%
[05:44:52] [Server thread/INFO]: Time elapsed: 7423 ms
[05:44:52] [Server thread/INFO]: Done (14.100s)! For help, type "help"
[05:44:52] [Server thread/INFO]: Stopping the server
[05:44:52] [Server thread/INFO]: Unknown or incomplete command, see below for error
[05:44:52] [Server thread/INFO]: ODOD<--[HERE]
[05:44:52] [Server thread/INFO]: Stopping server
[05:44:52] [Server thread/INFO]: Saving players
[05:44:52] [Server thread/INFO]: Saving worlds
[05:44:55] [Server thread/INFO]: Saving chunks for level 'ServerLevel[world]'/minecraft:overworld
[05:45:17] [Server thread/INFO]: Saving chunks for level 'ServerLevel[world]'/minecraft:the_nether
[05:45:17] [Server thread/INFO]: Saving chunks for level 'ServerLevel[world]'/minecraft:the_end
[05:45:17] [Server thread/INFO]: ThreadedAnvilChunkStorage (world): All chunks are saved
[05:45:17] [Server thread/INFO]: ThreadedAnvilChunkStorage (DIM-1): All chunks are saved
[05:45:17] [Server thread/INFO]: ThreadedAnvilChunkStorage (DIM1): All chunks are saved
[05:45:17] [Server thread/INFO]: ThreadedAnvilChunkStorage: All dimensions are saved
